[15-Oct-2023 02:28:50 America/New_York] PHP Parse error:  syntax error, unexpected '=>' (T_DOUBLE_ARROW) in C:\phpwww\elisha\simplepost\store.php on line 2
[15-Oct-2023 02:29:06 America/New_York] PHP Parse error:  syntax error, unexpected '=>' (T_DOUBLE_ARROW) in C:\phpwww\elisha\simplepost\store.php on line 2
[15-Oct-2023 02:29:24 America/New_York] PHP Parse error:  syntax error, unexpected '=>' (T_DOUBLE_ARROW) in C:\phpwww\elisha\simplepost\store.php on line 2
[15-Oct-2023 02:29:25 America/New_York] PHP Parse error:  syntax error, unexpected '=>' (T_DOUBLE_ARROW) in C:\phpwww\elisha\simplepost\store.php on line 2
[15-Oct-2023 02:43:47 America/New_York] PHP Parse error:  syntax error, unexpected 'echo' (T_ECHO) in C:\phpwww\elisha\simplepost\store.php on line 9
[15-Oct-2023 02:43:56 America/New_York] PHP Notice:  Undefined index: name in C:\phpwww\elisha\simplepost\store.php on line 2
[15-Oct-2023 02:43:56 America/New_York] PHP Stack trace:
[15-Oct-2023 02:43:56 America/New_York] PHP   1. {main}() C:\phpwww\elisha\simplepost\store.php:0
[15-Oct-2023 02:44:20 America/New_York] PHP Notice:  Undefined index: name in C:\phpwww\elisha\simplepost\store.php on line 2
[15-Oct-2023 02:44:20 America/New_York] PHP Stack trace:
[15-Oct-2023 02:44:20 America/New_York] PHP   1. {main}() C:\phpwww\elisha\simplepost\store.php:0
[15-Oct-2023 02:44:21 America/New_York] PHP Notice:  Undefined index: name in C:\phpwww\elisha\simplepost\store.php on line 2
[15-Oct-2023 02:44:21 America/New_York] PHP Stack trace:
[15-Oct-2023 02:44:21 America/New_York] PHP   1. {main}() C:\phpwww\elisha\simplepost\store.php:0
[15-Oct-2023 02:44:28 America/New_York] PHP Notice:  Undefined index: name in C:\phpwww\elisha\simplepost\store.php on line 2
[15-Oct-2023 02:44:28 America/New_York] PHP Stack trace:
[15-Oct-2023 02:44:28 America/New_York] PHP   1. {main}() C:\phpwww\elisha\simplepost\store.php:0
[15-Oct-2023 02:46:09 America/New_York] PHP Notice:  Undefined index: name in C:\phpwww\elisha\simplepost\store.php on line 4
[15-Oct-2023 02:46:09 America/New_York] PHP Stack trace:
[15-Oct-2023 02:46:09 America/New_York] PHP   1. {main}() C:\phpwww\elisha\simplepost\store.php:0
[15-Oct-2023 02:46:51 America/New_York] PHP Notice:  Undefined index: name in C:\phpwww\elisha\simplepost\store.php on line 4
[15-Oct-2023 02:46:51 America/New_York] PHP Stack trace:
[15-Oct-2023 02:46:51 America/New_York] PHP   1. {main}() C:\phpwww\elisha\simplepost\store.php:0
[15-Oct-2023 02:48:34 America/New_York] PHP Notice:  Undefined index: name in C:\phpwww\elisha\simplepost\store.php on line 4
[15-Oct-2023 02:48:34 America/New_York] PHP Stack trace:
[15-Oct-2023 02:48:34 America/New_York] PHP   1. {main}() C:\phpwww\elisha\simplepost\store.php:0
[15-Oct-2023 02:49:10 America/New_York] PHP Notice:  Undefined index: name in C:\phpwww\elisha\simplepost\store.php on line 4
[15-Oct-2023 02:49:10 America/New_York] PHP Stack trace:
[15-Oct-2023 02:49:10 America/New_York] PHP   1. {main}() C:\phpwww\elisha\simplepost\store.php:0
[15-Oct-2023 08:24:40 America/New_York] PHP Warning:  mysqli_connect(): (HY000/1045): Access denied for user 'root'@'localhost' (using password: YES) in C:\phpwww\elisha\simplepost\store.php on line 23
[15-Oct-2023 08:24:40 America/New_York] PHP Stack trace:
[15-Oct-2023 08:24:40 America/New_York] PHP   1. {main}() C:\phpwww\elisha\simplepost\store.php:0
[15-Oct-2023 08:24:40 America/New_York] PHP   2. connect2db() C:\phpwww\elisha\simplepost\store.php:40
[15-Oct-2023 08:24:40 America/New_York] PHP   3. mysqli_connect() C:\phpwww\elisha\simplepost\store.php:23
[15-Oct-2023 08:33:05 America/New_York] PHP Notice:  Undefined variable: data in C:\phpwww\elisha\simplepost\store.php on line 47
[15-Oct-2023 08:33:05 America/New_York] PHP Stack trace:
[15-Oct-2023 08:33:05 America/New_York] PHP   1. {main}() C:\phpwww\elisha\simplepost\store.php:0
[15-Oct-2023 08:33:05 America/New_York] PHP Notice:  Undefined variable: data in C:\phpwww\elisha\simplepost\store.php on line 47
[15-Oct-2023 08:33:05 America/New_York] PHP Stack trace:
[15-Oct-2023 08:33:05 America/New_York] PHP   1. {main}() C:\phpwww\elisha\simplepost\store.php:0
[15-Oct-2023 09:00:24 America/New_York] PHP Warning:  mysqli_connect(): php_network_getaddresses: getaddrinfo failed: No such host is known.  in C:\phpwww\elisha\simplepost\store.php on line 23
[15-Oct-2023 09:00:24 America/New_York] PHP Stack trace:
[15-Oct-2023 09:00:24 America/New_York] PHP   1. {main}() C:\phpwww\elisha\simplepost\store.php:0
[15-Oct-2023 09:00:24 America/New_York] PHP   2. connectDb() C:\phpwww\elisha\simplepost\store.php:40
[15-Oct-2023 09:00:24 America/New_York] PHP   3. mysqli_connect() C:\phpwww\elisha\simplepost\store.php:23
[15-Oct-2023 09:00:24 America/New_York] PHP Warning:  mysqli_connect(): (HY000/2002): php_network_getaddresses: getaddrinfo failed: No such host is known.  in C:\phpwww\elisha\simplepost\store.php on line 23
[15-Oct-2023 09:00:24 America/New_York] PHP Stack trace:
[15-Oct-2023 09:00:24 America/New_York] PHP   1. {main}() C:\phpwww\elisha\simplepost\store.php:0
[15-Oct-2023 09:00:24 America/New_York] PHP   2. connectDb() C:\phpwww\elisha\simplepost\store.php:40
[15-Oct-2023 09:00:24 America/New_York] PHP   3. mysqli_connect() C:\phpwww\elisha\simplepost\store.php:23
[15-Oct-2023 09:00:24 America/New_York] PHP Fatal error:  Call to a member function query() on boolean in C:\phpwww\elisha\simplepost\store.php on line 44
[15-Oct-2023 09:00:24 America/New_York] PHP Stack trace:
[15-Oct-2023 09:00:24 America/New_York] PHP   1. {main}() C:\phpwww\elisha\simplepost\store.php:0
[15-Oct-2023 09:06:10 America/New_York] PHP Parse error:  syntax error, unexpected ')' in C:\phpwww\elisha\simplepost\store.php on line 29
[15-Oct-2023 09:07:19 America/New_York] PHP Fatal error:  Call to a member function query() on boolean in C:\phpwww\elisha\simplepost\store.php on line 47
[15-Oct-2023 09:07:19 America/New_York] PHP Stack trace:
[15-Oct-2023 09:07:19 America/New_York] PHP   1. {main}() C:\phpwww\elisha\simplepost\store.php:0
[15-Oct-2023 09:07:33 America/New_York] PHP Fatal error:  Call to a member function query() on boolean in C:\phpwww\elisha\simplepost\store.php on line 48
[15-Oct-2023 09:07:33 America/New_York] PHP Stack trace:
[15-Oct-2023 09:07:33 America/New_York] PHP   1. {main}() C:\phpwww\elisha\simplepost\store.php:0
[15-Oct-2023 09:09:54 America/New_York] PHP Parse error:  syntax error, unexpected 'the' (T_STRING) in C:\phpwww\elisha\simplepost\store.php on line 50
